

Microchip MPLAB XC8 Assembler V2.05 build -831301201 
                                                                                                           Mon May 20 20:03:35 2019


     1                           	processor	18F45K50
     2                           	opt	pw 132
     3                           	opt	flic
     4                           
     5                           ;#include <p18F45K50.inc>
     6  0000                     	org	0	; start code at 0
     7  0000  6B00'              	clrf	TRISA,b
     8  0002  6B00'              	clrf	PORTA,b
     9  0004  6B00'              	clrf	LATA,b
    10  0006                     MainLoop:
    11  0006  7100'              	btg	PORTA,RA7,b	;Toggle PORTA PIN 7(LED's)
    12  0008                     Delay:
    13  0008  EF04 F000          	goto	Delay
    14  000C  EF04 F000          	goto	Delay
    15  0010  EF03 F000          	goto	MainLoop
    16                           tosu	equ	0xFFF
    17                           tosh	equ	0xFFE
    18                           tosl	equ	0xFFD
    19                           stkptr	equ	0xFFC
    20                           pclatu	equ	0xFFB
    21                           pclath	equ	0xFFA
    22                           pcl	equ	0xFF9
    23                           tblptru	equ	0xFF8
    24                           tblptrh	equ	0xFF7
    25                           tblptrl	equ	0xFF6
    26                           tablat	equ	0xFF5
    27                           prodh	equ	0xFF4
    28                           prodl	equ	0xFF3
    29                           indf0	equ	0xFEF
    30                           postinc0	equ	0xFEE
    31                           postdec0	equ	0xFED
    32                           preinc0	equ	0xFEC
    33                           plusw0	equ	0xFEB
    34                           fsr0h	equ	0xFEA
    35                           fsr0l	equ	0xFE9
    36                           wreg	equ	0xFE8
    37                           indf1	equ	0xFE7
    38                           postinc1	equ	0xFE6
    39                           postdec1	equ	0xFE5
    40                           preinc1	equ	0xFE4
    41                           plusw1	equ	0xFE3
    42                           fsr1h	equ	0xFE2
    43                           fsr1l	equ	0xFE1
    44                           bsr	equ	0xFE0
    45                           indf2	equ	0xFDF
    46                           postinc2	equ	0xFDE
    47                           postdec2	equ	0xFDD
    48                           preinc2	equ	0xFDC
    49                           plusw2	equ	0xFDB
    50                           fsr2h	equ	0xFDA
    51                           fsr2l	equ	0xFD9
    52                           status	equ	0xFD8


Microchip Technology PIC18 Macro Assembler V2.05 build -831301201 
Symbol Table                                                                                               Mon May 20 20:03:35 2019

       RA7 000000*       LATA 000000*      PORTA 000000*      TRISA 000000*      Delay 000008       Start 000000      Delay1 000000  
    Delay2 000002    MainLoop 000006  
